<?xml version="1.0" encoding="UTF-8"?>
<!-- Generated by org.testng.reporters.JUnitXMLReporter -->
<testsuite ignored="0" hostname="LTIN509708" failures="0" tests="12" name="Test Search in Chrome" time="161.828" errors="0" timestamp="2024-04-03T20:19:40 IST">
  <testcase classname="testSenario.TestCase" name="captureUserInfo" time="35.675"/>
  <testcase classname="testSenario.TestCase" name="clickoncompany" time="0.12"/>
  <testcase classname="testSenario.TestCase" name="clickonacronym" time="3.497"/>
  <testcase classname="testSenario.TestCase" name="title" time="0.223"/>
  <testcase classname="testSenario.TestCase" name="tooltip" time="0.036"/>
  <testcase classname="testSenario.TestCase" name="data" time="0.041"/>
  <testcase classname="testSenario.TestCase" name="alldata" time="31.834"/>
  <testcase classname="testSenario.TestCase" name="clickonbecognizant" time="0.089"/>
  <testcase classname="testSenario.TestCase" name="ValidateCogniHomePage" time="0.005"/>
  <testcase classname="testSenario.TestCase" name="scrollBottom" time="0.029"/>
  <testcase classname="testSenario.TestCase" name="getStockPrice" time="0.436"/>
  <testcase classname="testSenario.TestCase" name="ValidateStockPrice" time="65.571"/>
</testsuite> <!-- Test Search in Chrome -->
