<?xml version="1.0" encoding="UTF-8"?>
<!-- Generated by org.testng.reporters.JUnitXMLReporter -->
<testsuite ignored="0" hostname="LTIN509708" failures="0" tests="12" name="Test Search in Edge" time="181.504" errors="0" timestamp="2024-04-03T20:16:58 IST">
  <testcase classname="testSenario.TestCase" name="captureUserInfo" time="35.732"/>
  <testcase classname="testSenario.TestCase" name="clickoncompany" time="0.116"/>
  <testcase classname="testSenario.TestCase" name="clickonacronym" time="2.725"/>
  <testcase classname="testSenario.TestCase" name="title" time="0.198"/>
  <testcase classname="testSenario.TestCase" name="tooltip" time="0.024"/>
  <testcase classname="testSenario.TestCase" name="data" time="0.029"/>
  <testcase classname="testSenario.TestCase" name="alldata" time="36.412"/>
  <testcase classname="testSenario.TestCase" name="clickonbecognizant" time="0.165"/>
  <testcase classname="testSenario.TestCase" name="ValidateCogniHomePage" time="0.153"/>
  <testcase classname="testSenario.TestCase" name="scrollBottom" time="0.028"/>
  <testcase classname="testSenario.TestCase" name="getStockPrice" time="0.7"/>
  <testcase classname="testSenario.TestCase" name="ValidateStockPrice" time="76.106"/>
</testsuite> <!-- Test Search in Edge -->
