<?xml version="1.0" encoding="UTF-8"?>
<!-- Generated by org.testng.reporters.JUnitXMLReporter -->
<testsuite ignored="0" hostname="LTIN509708" failures="0" tests="12" name="Test Search in Chrome" time="133.619" errors="0" timestamp="2024-04-05T16:10:39 IST">
  <testcase classname="testSenario.TestCase" name="captureUserInfo" time="35.456"/>
  <testcase classname="testSenario.TestCase" name="clickoncompany" time="0.109"/>
  <testcase classname="testSenario.TestCase" name="clickonacronym" time="3.609"/>
  <testcase classname="testSenario.TestCase" name="title" time="0.231"/>
  <testcase classname="testSenario.TestCase" name="tooltip" time="0.037"/>
  <testcase classname="testSenario.TestCase" name="data" time="0.067"/>
  <testcase classname="testSenario.TestCase" name="alldata" time="25.616"/>
  <testcase classname="testSenario.TestCase" name="clickonbecognizant" time="0.077"/>
  <testcase classname="testSenario.TestCase" name="ValidateCogniHomePage" time="0.011"/>
  <testcase classname="testSenario.TestCase" name="scrollBottom" time="0.029"/>
  <testcase classname="testSenario.TestCase" name="getStockPrice" time="0.382"/>
  <testcase classname="testSenario.TestCase" name="ValidateStockPrice" time="43.358"/>
</testsuite> <!-- Test Search in Chrome -->
