<?xml version="1.0" encoding="UTF-8"?>
<!-- Generated by org.testng.reporters.JUnitXMLReporter -->
<testsuite ignored="0" hostname="DESKTOP-SS8UIC9" failures="0" tests="2" name="Cucumber with TestNG Test" time="3.55" errors="0" timestamp="2024-04-05T12:50:39 IST">
  <testcase classname="io.cucumber.testng.AbstractTestNGCucumberTests" name="runScenario" time="0.62"/>
  <testcase classname="io.cucumber.testng.AbstractTestNGCucumberTests" name="runScenario" time="0.063"/>
</testsuite> <!-- Cucumber with TestNG Test -->
