<?xml version="1.0" encoding="UTF-8"?>
<testng-results ignored="0" total="24" passed="24" failed="0" skipped="0">
  <reporter-output>
  </reporter-output>
  <suite started-at="2024-04-03T20:13:56 IST" name="Suite" finished-at="2024-04-03T20:19:40 IST" duration-ms="343980">
    <groups>
    </groups>
    <test started-at="2024-04-03T20:13:56 IST" name="Test Search in Edge" finished-at="2024-04-03T20:16:57 IST" duration-ms="181504">
      <class name="testSenario.TestCase">
        <test-method is-config="true" signature="driverInstantiate(java.lang.String)[pri:0, instance:testSenario.TestCase@51e69659]" started-at="2024-04-03T20:13:56 IST" name="driverInstantiate" finished-at="2024-04-03T20:14:08 IST" duration-ms="12048" status="PASS">
          <params>
            <param index="0">
              <value>
                <![CDATA[edge]]>
              </value>
            </param>
          </params>
          <reporter-output>
          </reporter-output>
        </test-method> <!-- driverInstantiate -->
        <test-method signature="captureUserInfo()[pri:0, instance:testSenario.TestCase@51e69659]" started-at="2024-04-03T20:14:08 IST" name="captureUserInfo" finished-at="2024-04-03T20:14:44 IST" duration-ms="35732" status="PASS">
          <reporter-output>
          </reporter-output>
        </test-method> <!-- captureUserInfo -->
        <test-method signature="clickoncompany()[pri:1, instance:testSenario.TestCase@51e69659]" started-at="2024-04-03T20:14:44 IST" name="clickoncompany" finished-at="2024-04-03T20:14:45 IST" duration-ms="116" status="PASS">
          <reporter-output>
          </reporter-output>
        </test-method> <!-- clickoncompany -->
        <test-method signature="clickonacronym()[pri:2, instance:testSenario.TestCase@51e69659]" started-at="2024-04-03T20:14:45 IST" name="clickonacronym" finished-at="2024-04-03T20:14:48 IST" duration-ms="2725" status="PASS">
          <reporter-output>
          </reporter-output>
        </test-method> <!-- clickonacronym -->
        <test-method signature="title()[pri:3, instance:testSenario.TestCase@51e69659]" started-at="2024-04-03T20:14:48 IST" name="title" finished-at="2024-04-03T20:14:48 IST" duration-ms="198" status="PASS">
          <reporter-output>
          </reporter-output>
        </test-method> <!-- title -->
        <test-method signature="tooltip()[pri:4, instance:testSenario.TestCase@51e69659]" started-at="2024-04-03T20:14:48 IST" name="tooltip" finished-at="2024-04-03T20:14:48 IST" duration-ms="24" status="PASS">
          <reporter-output>
          </reporter-output>
        </test-method> <!-- tooltip -->
        <test-method signature="data()[pri:5, instance:testSenario.TestCase@51e69659]" started-at="2024-04-03T20:14:48 IST" name="data" finished-at="2024-04-03T20:14:48 IST" duration-ms="29" status="PASS">
          <reporter-output>
          </reporter-output>
        </test-method> <!-- data -->
        <test-method signature="alldata()[pri:6, instance:testSenario.TestCase@51e69659]" started-at="2024-04-03T20:14:49 IST" name="alldata" finished-at="2024-04-03T20:15:25 IST" duration-ms="36412" status="PASS">
          <reporter-output>
          </reporter-output>
        </test-method> <!-- alldata -->
        <test-method signature="clickonbecognizant()[pri:7, instance:testSenario.TestCase@51e69659]" started-at="2024-04-03T20:15:25 IST" name="clickonbecognizant" finished-at="2024-04-03T20:15:25 IST" duration-ms="165" status="PASS">
          <reporter-output>
          </reporter-output>
        </test-method> <!-- clickonbecognizant -->
        <test-method signature="ValidateCogniHomePage()[pri:8, instance:testSenario.TestCase@51e69659]" started-at="2024-04-03T20:15:28 IST" name="ValidateCogniHomePage" finished-at="2024-04-03T20:15:28 IST" duration-ms="153" status="PASS">
          <reporter-output>
          </reporter-output>
        </test-method> <!-- ValidateCogniHomePage -->
        <test-method signature="scrollBottom()[pri:9, instance:testSenario.TestCase@51e69659]" started-at="2024-04-03T20:15:28 IST" name="scrollBottom" finished-at="2024-04-03T20:15:28 IST" duration-ms="28" status="PASS">
          <reporter-output>
          </reporter-output>
        </test-method> <!-- scrollBottom -->
        <test-method signature="getStockPrice()[pri:10, instance:testSenario.TestCase@51e69659]" started-at="2024-04-03T20:15:29 IST" name="getStockPrice" finished-at="2024-04-03T20:15:29 IST" duration-ms="700" status="PASS">
          <reporter-output>
          </reporter-output>
        </test-method> <!-- getStockPrice -->
        <test-method signature="ValidateStockPrice()[pri:11, instance:testSenario.TestCase@51e69659]" started-at="2024-04-03T20:15:29 IST" name="ValidateStockPrice" finished-at="2024-04-03T20:16:45 IST" duration-ms="76106" status="PASS">
          <reporter-output>
          </reporter-output>
        </test-method> <!-- ValidateStockPrice -->
        <test-method is-config="true" signature="driverTearDown()[pri:0, instance:testSenario.TestCase@51e69659]" started-at="2024-04-03T20:16:46 IST" name="driverTearDown" finished-at="2024-04-03T20:16:57 IST" duration-ms="11482" status="PASS">
          <reporter-output>
          </reporter-output>
        </test-method> <!-- driverTearDown -->
      </class> <!-- testSenario.TestCase -->
    </test> <!-- Test Search in Edge -->
    <test started-at="2024-04-03T20:16:58 IST" name="Test Search in Chrome" finished-at="2024-04-03T20:19:40 IST" duration-ms="161828">
      <class name="testSenario.TestCase">
        <test-method is-config="true" signature="driverInstantiate(java.lang.String)[pri:0, instance:testSenario.TestCase@5824a83d]" started-at="2024-04-03T20:16:58 IST" name="driverInstantiate" finished-at="2024-04-03T20:17:05 IST" duration-ms="7597" status="PASS">
          <params>
            <param index="0">
              <value>
                <![CDATA[Chrome]]>
              </value>
            </param>
          </params>
          <reporter-output>
          </reporter-output>
        </test-method> <!-- driverInstantiate -->
        <test-method signature="captureUserInfo()[pri:0, instance:testSenario.TestCase@5824a83d]" started-at="2024-04-03T20:17:05 IST" name="captureUserInfo" finished-at="2024-04-03T20:17:41 IST" duration-ms="35675" status="PASS">
          <reporter-output>
          </reporter-output>
        </test-method> <!-- captureUserInfo -->
        <test-method signature="clickoncompany()[pri:1, instance:testSenario.TestCase@5824a83d]" started-at="2024-04-03T20:17:41 IST" name="clickoncompany" finished-at="2024-04-03T20:17:42 IST" duration-ms="120" status="PASS">
          <reporter-output>
          </reporter-output>
        </test-method> <!-- clickoncompany -->
        <test-method signature="clickonacronym()[pri:2, instance:testSenario.TestCase@5824a83d]" started-at="2024-04-03T20:17:42 IST" name="clickonacronym" finished-at="2024-04-03T20:17:46 IST" duration-ms="3497" status="PASS">
          <reporter-output>
          </reporter-output>
        </test-method> <!-- clickonacronym -->
        <test-method signature="title()[pri:3, instance:testSenario.TestCase@5824a83d]" started-at="2024-04-03T20:17:46 IST" name="title" finished-at="2024-04-03T20:17:46 IST" duration-ms="223" status="PASS">
          <reporter-output>
          </reporter-output>
        </test-method> <!-- title -->
        <test-method signature="tooltip()[pri:4, instance:testSenario.TestCase@5824a83d]" started-at="2024-04-03T20:17:46 IST" name="tooltip" finished-at="2024-04-03T20:17:46 IST" duration-ms="36" status="PASS">
          <reporter-output>
          </reporter-output>
        </test-method> <!-- tooltip -->
        <test-method signature="data()[pri:5, instance:testSenario.TestCase@5824a83d]" started-at="2024-04-03T20:17:46 IST" name="data" finished-at="2024-04-03T20:17:46 IST" duration-ms="41" status="PASS">
          <reporter-output>
          </reporter-output>
        </test-method> <!-- data -->
        <test-method signature="alldata()[pri:6, instance:testSenario.TestCase@5824a83d]" started-at="2024-04-03T20:17:47 IST" name="alldata" finished-at="2024-04-03T20:18:19 IST" duration-ms="31834" status="PASS">
          <reporter-output>
          </reporter-output>
        </test-method> <!-- alldata -->
        <test-method signature="clickonbecognizant()[pri:7, instance:testSenario.TestCase@5824a83d]" started-at="2024-04-03T20:18:19 IST" name="clickonbecognizant" finished-at="2024-04-03T20:18:19 IST" duration-ms="89" status="PASS">
          <reporter-output>
          </reporter-output>
        </test-method> <!-- clickonbecognizant -->
        <test-method signature="ValidateCogniHomePage()[pri:8, instance:testSenario.TestCase@5824a83d]" started-at="2024-04-03T20:18:22 IST" name="ValidateCogniHomePage" finished-at="2024-04-03T20:18:22 IST" duration-ms="5" status="PASS">
          <reporter-output>
          </reporter-output>
        </test-method> <!-- ValidateCogniHomePage -->
        <test-method signature="scrollBottom()[pri:9, instance:testSenario.TestCase@5824a83d]" started-at="2024-04-03T20:18:22 IST" name="scrollBottom" finished-at="2024-04-03T20:18:22 IST" duration-ms="29" status="PASS">
          <reporter-output>
          </reporter-output>
        </test-method> <!-- scrollBottom -->
        <test-method signature="getStockPrice()[pri:10, instance:testSenario.TestCase@5824a83d]" started-at="2024-04-03T20:18:22 IST" name="getStockPrice" finished-at="2024-04-03T20:18:23 IST" duration-ms="436" status="PASS">
          <reporter-output>
          </reporter-output>
        </test-method> <!-- getStockPrice -->
        <test-method signature="ValidateStockPrice()[pri:11, instance:testSenario.TestCase@5824a83d]" started-at="2024-04-03T20:18:23 IST" name="ValidateStockPrice" finished-at="2024-04-03T20:19:28 IST" duration-ms="65571" status="PASS">
          <reporter-output>
          </reporter-output>
        </test-method> <!-- ValidateStockPrice -->
        <test-method is-config="true" signature="driverTearDown()[pri:0, instance:testSenario.TestCase@5824a83d]" started-at="2024-04-03T20:19:28 IST" name="driverTearDown" finished-at="2024-04-03T20:19:40 IST" duration-ms="11166" status="PASS">
          <reporter-output>
          </reporter-output>
        </test-method> <!-- driverTearDown -->
      </class> <!-- testSenario.TestCase -->
    </test> <!-- Test Search in Chrome -->
  </suite> <!-- Suite -->
</testng-results>
