<?xml version="1.0" encoding="UTF-8"?>
<testng-results ignored="0" total="24" passed="23" failed="1" skipped="0">
  <reporter-output>
  </reporter-output>
  <suite started-at="2024-04-05T16:05:17 IST" name="Suite" finished-at="2024-04-05T16:10:39 IST" duration-ms="321738">
    <groups>
    </groups>
    <test started-at="2024-04-05T16:05:17 IST" name="Test Search in Edge" finished-at="2024-04-05T16:08:25 IST" duration-ms="187704">
      <class name="testSenario.TestCase">
        <test-method is-config="true" signature="driverInstantiate(java.lang.String)[pri:0, instance:testSenario.TestCase@57a78e3]" started-at="2024-04-05T16:05:18 IST" name="driverInstantiate" finished-at="2024-04-05T16:05:28 IST" duration-ms="9526" status="PASS">
          <params>
            <param index="0">
              <value>
                <![CDATA[edge]]>
              </value>
            </param>
          </params>
          <reporter-output>
          </reporter-output>
        </test-method> <!-- driverInstantiate -->
        <test-method signature="captureUserInfo()[pri:0, instance:testSenario.TestCase@57a78e3]" started-at="2024-04-05T16:05:28 IST" name="captureUserInfo" finished-at="2024-04-05T16:06:34 IST" duration-ms="66000" status="FAIL">
          <exception class="org.openqa.selenium.NoSuchElementException">
            <message>
              <![CDATA[no such element: Unable to locate element: {"method":"css selector","selector":"#mectrl_currentAccount_primary"}
  (Session info: MicrosoftEdge=123.0.2420.65)
For documentation on this error, please visit: https://www.selenium.dev/documentation/webdriver/troubleshooting/errors#no-such-element-exception
Build info: version: '4.18.1', revision: 'b1d3319b48'
System info: os.name: 'Windows 11', os.arch: 'amd64', os.version: '10.0', java.version: '17.0.10'
Driver info: org.openqa.selenium.edge.EdgeDriver
Command: [87ba8ff211b4e3ea13142681f59339dc, findElement {using=id, value=mectrl_currentAccount_primary}]
Capabilities {acceptInsecureCerts: false, browserName: MicrosoftEdge, browserVersion: 123.0.2420.65, fedcm:accounts: true, ms:edgeOptions: {debuggerAddress: localhost:51749}, msedge: {msedgedriverVersion: 123.0.2420.81 (8acdca46cf48..., userDataDir: C:\Windows\SystemTemp\scope...}, networkConnectionEnabled: false, pageLoadStrategy: normal, platformName: windows, proxy: Proxy(), se:cdp: ws://localhost:51749/devtoo..., se:cdpVersion: 123.0.2420.65, setWindowRect: true, strictFileInteractability: false, timeouts: {implicit: 0, pageLoad: 300000, script: 30000}, unhandledPromptBehavior: dismiss and notify, webauthn:extension:credBlob: true, webauthn:extension:largeBlob: true, webauthn:extension:minPinLength: true, webauthn:extension:prf: true, webauthn:virtualAuthenticators: true}
Session ID: 87ba8ff211b4e3ea13142681f59339dc]]>
            </message>
            <full-stacktrace>
              <![CDATA[org.openqa.selenium.NoSuchElementException: no such element: Unable to locate element: {"method":"css selector","selector":"#mectrl_currentAccount_primary"}
  (Session info: MicrosoftEdge=123.0.2420.65)
For documentation on this error, please visit: https://www.selenium.dev/documentation/webdriver/troubleshooting/errors#no-such-element-exception
Build info: version: '4.18.1', revision: 'b1d3319b48'
System info: os.name: 'Windows 11', os.arch: 'amd64', os.version: '10.0', java.version: '17.0.10'
Driver info: org.openqa.selenium.edge.EdgeDriver
Command: [87ba8ff211b4e3ea13142681f59339dc, findElement {using=id, value=mectrl_currentAccount_primary}]
Capabilities {acceptInsecureCerts: false, browserName: MicrosoftEdge, browserVersion: 123.0.2420.65, fedcm:accounts: true, ms:edgeOptions: {debuggerAddress: localhost:51749}, msedge: {msedgedriverVersion: 123.0.2420.81 (8acdca46cf48..., userDataDir: C:\Windows\SystemTemp\scope...}, networkConnectionEnabled: false, pageLoadStrategy: normal, platformName: windows, proxy: Proxy(), se:cdp: ws://localhost:51749/devtoo..., se:cdpVersion: 123.0.2420.65, setWindowRect: true, strictFileInteractability: false, timeouts: {implicit: 0, pageLoad: 300000, script: 30000}, unhandledPromptBehavior: dismiss and notify, webauthn:extension:credBlob: true, webauthn:extension:largeBlob: true, webauthn:extension:minPinLength: true, webauthn:extension:prf: true, webauthn:virtualAuthenticators: true}
Session ID: 87ba8ff211b4e3ea13142681f59339dc
at java.base/jdk.internal.reflect.NativeConstructorAccessorImpl.newInstance0(Native Method)
at java.base/jdk.internal.reflect.NativeConstructorAccessorImpl.newInstance(NativeConstructorAccessorImpl.java:77)
at java.base/jdk.internal.reflect.DelegatingConstructorAccessorImpl.newInstance(DelegatingConstructorAccessorImpl.java:45)
at java.base/java.lang.reflect.Constructor.newInstanceWithCaller(Constructor.java:499)
at java.base/java.lang.reflect.Constructor.newInstance(Constructor.java:480)
at org.openqa.selenium.remote.ErrorCodec.decode(ErrorCodec.java:167)
at org.openqa.selenium.remote.codec.w3c.W3CHttpResponseCodec.decode(W3CHttpResponseCodec.java:138)
at org.openqa.selenium.remote.codec.w3c.W3CHttpResponseCodec.decode(W3CHttpResponseCodec.java:50)
at org.openqa.selenium.remote.HttpCommandExecutor.execute(HttpCommandExecutor.java:190)
at org.openqa.selenium.remote.service.DriverCommandExecutor.invokeExecute(DriverCommandExecutor.java:216)
at org.openqa.selenium.remote.service.DriverCommandExecutor.execute(DriverCommandExecutor.java:174)
at org.openqa.selenium.remote.RemoteWebDriver.execute(RemoteWebDriver.java:519)
at org.openqa.selenium.remote.ElementLocation$ElementFinder$2.findElement(ElementLocation.java:165)
at org.openqa.selenium.remote.ElementLocation.findElement(ElementLocation.java:59)
at org.openqa.selenium.remote.RemoteWebDriver.findElement(RemoteWebDriver.java:356)
at org.openqa.selenium.remote.RemoteWebDriver.findElement(RemoteWebDriver.java:350)
at org.openqa.selenium.support.pagefactory.DefaultElementLocator.findElement(DefaultElementLocator.java:68)
at org.openqa.selenium.support.pagefactory.internal.LocatingElementHandler.invoke(LocatingElementHandler.java:38)
at jdk.proxy2/jdk.proxy2.$Proxy15.getText(Unknown Source)
at pageObjectRepository.BeCognizant.captureUserInfo(BeCognizant.java:45)
at testSenario.TestCase.captureUserInfo(TestCase.java:24)
at java.base/jdk.internal.reflect.NativeMethodAccessorImpl.invoke0(Native Method)
at java.base/jdk.internal.reflect.NativeMethodAccessorImpl.invoke(NativeMethodAccessorImpl.java:77)
at java.base/jdk.internal.reflect.DelegatingMethodAccessorImpl.invoke(DelegatingMethodAccessorImpl.java:43)
at java.base/java.lang.reflect.Method.invoke(Method.java:568)
at org.testng.internal.invokers.MethodInvocationHelper.invokeMethod(MethodInvocationHelper.java:139)
at org.testng.internal.invokers.TestInvoker.invokeMethod(TestInvoker.java:664)
at org.testng.internal.invokers.TestInvoker.invokeTestMethod(TestInvoker.java:228)
at org.testng.internal.invokers.MethodRunner.runInSequence(MethodRunner.java:63)
at org.testng.internal.invokers.TestInvoker$MethodInvocationAgent.invoke(TestInvoker.java:961)
at org.testng.internal.invokers.TestInvoker.invokeTestMethods(TestInvoker.java:201)
at org.testng.internal.invokers.TestMethodWorker.invokeTestMethods(TestMethodWorker.java:148)
at org.testng.internal.invokers.TestMethodWorker.run(TestMethodWorker.java:128)
at java.base/java.util.ArrayList.forEach(ArrayList.java:1511)
at org.testng.TestRunner.privateRun(TestRunner.java:819)
at org.testng.TestRunner.run(TestRunner.java:619)
at org.testng.SuiteRunner.runTest(SuiteRunner.java:443)
at org.testng.SuiteRunner.runSequentially(SuiteRunner.java:437)
at org.testng.SuiteRunner.privateRun(SuiteRunner.java:397)
at org.testng.SuiteRunner.run(SuiteRunner.java:336)
at org.testng.SuiteRunnerWorker.runSuite(SuiteRunnerWorker.java:52)
at org.testng.SuiteRunnerWorker.run(SuiteRunnerWorker.java:95)
at org.testng.TestNG.runSuitesSequentially(TestNG.java:1301)
at org.testng.TestNG.runSuitesLocally(TestNG.java:1228)
at org.testng.TestNG.runSuites(TestNG.java:1134)
at org.testng.TestNG.run(TestNG.java:1101)
at org.testng.remote.AbstractRemoteTestNG.run(AbstractRemoteTestNG.java:115)
at org.testng.remote.RemoteTestNG.initAndRun(RemoteTestNG.java:251)
at org.testng.remote.RemoteTestNG.main(RemoteTestNG.java:77)
]]>
            </full-stacktrace>
          </exception> <!-- org.openqa.selenium.NoSuchElementException -->
          <reporter-output>
          </reporter-output>
        </test-method> <!-- captureUserInfo -->
        <test-method signature="clickoncompany()[pri:1, instance:testSenario.TestCase@57a78e3]" started-at="2024-04-05T16:06:34 IST" name="clickoncompany" finished-at="2024-04-05T16:06:34 IST" duration-ms="103" status="PASS">
          <reporter-output>
          </reporter-output>
        </test-method> <!-- clickoncompany -->
        <test-method signature="clickonacronym()[pri:2, instance:testSenario.TestCase@57a78e3]" started-at="2024-04-05T16:06:35 IST" name="clickonacronym" finished-at="2024-04-05T16:06:38 IST" duration-ms="3480" status="PASS">
          <reporter-output>
          </reporter-output>
        </test-method> <!-- clickonacronym -->
        <test-method signature="title()[pri:3, instance:testSenario.TestCase@57a78e3]" started-at="2024-04-05T16:06:38 IST" name="title" finished-at="2024-04-05T16:06:39 IST" duration-ms="339" status="PASS">
          <reporter-output>
          </reporter-output>
        </test-method> <!-- title -->
        <test-method signature="tooltip()[pri:4, instance:testSenario.TestCase@57a78e3]" started-at="2024-04-05T16:06:39 IST" name="tooltip" finished-at="2024-04-05T16:06:39 IST" duration-ms="35" status="PASS">
          <reporter-output>
          </reporter-output>
        </test-method> <!-- tooltip -->
        <test-method signature="data()[pri:5, instance:testSenario.TestCase@57a78e3]" started-at="2024-04-05T16:06:39 IST" name="data" finished-at="2024-04-05T16:06:39 IST" duration-ms="40" status="PASS">
          <reporter-output>
          </reporter-output>
        </test-method> <!-- data -->
        <test-method signature="alldata()[pri:6, instance:testSenario.TestCase@57a78e3]" started-at="2024-04-05T16:06:39 IST" name="alldata" finished-at="2024-04-05T16:07:08 IST" duration-ms="28815" status="PASS">
          <reporter-output>
          </reporter-output>
        </test-method> <!-- alldata -->
        <test-method signature="clickonbecognizant()[pri:7, instance:testSenario.TestCase@57a78e3]" started-at="2024-04-05T16:07:08 IST" name="clickonbecognizant" finished-at="2024-04-05T16:07:09 IST" duration-ms="115" status="PASS">
          <reporter-output>
          </reporter-output>
        </test-method> <!-- clickonbecognizant -->
        <test-method signature="ValidateCogniHomePage()[pri:8, instance:testSenario.TestCase@57a78e3]" started-at="2024-04-05T16:07:12 IST" name="ValidateCogniHomePage" finished-at="2024-04-05T16:07:12 IST" duration-ms="14" status="PASS">
          <reporter-output>
          </reporter-output>
        </test-method> <!-- ValidateCogniHomePage -->
        <test-method signature="scrollBottom()[pri:9, instance:testSenario.TestCase@57a78e3]" started-at="2024-04-05T16:07:12 IST" name="scrollBottom" finished-at="2024-04-05T16:07:12 IST" duration-ms="46" status="PASS">
          <reporter-output>
          </reporter-output>
        </test-method> <!-- scrollBottom -->
        <test-method signature="getStockPrice()[pri:10, instance:testSenario.TestCase@57a78e3]" started-at="2024-04-05T16:07:13 IST" name="getStockPrice" finished-at="2024-04-05T16:07:13 IST" duration-ms="544" status="PASS">
          <reporter-output>
          </reporter-output>
        </test-method> <!-- getStockPrice -->
        <test-method signature="ValidateStockPrice()[pri:11, instance:testSenario.TestCase@57a78e3]" started-at="2024-04-05T16:07:13 IST" name="ValidateStockPrice" finished-at="2024-04-05T16:08:14 IST" duration-ms="60383" status="PASS">
          <reporter-output>
          </reporter-output>
        </test-method> <!-- ValidateStockPrice -->
        <test-method is-config="true" signature="driverTearDown()[pri:0, instance:testSenario.TestCase@57a78e3]" started-at="2024-04-05T16:08:14 IST" name="driverTearDown" finished-at="2024-04-05T16:08:25 IST" duration-ms="11224" status="PASS">
          <reporter-output>
          </reporter-output>
        </test-method> <!-- driverTearDown -->
      </class> <!-- testSenario.TestCase -->
    </test> <!-- Test Search in Edge -->
    <test started-at="2024-04-05T16:08:25 IST" name="Test Search in Chrome" finished-at="2024-04-05T16:10:39 IST" duration-ms="133619">
      <class name="testSenario.TestCase">
        <test-method is-config="true" signature="driverInstantiate(java.lang.String)[pri:0, instance:testSenario.TestCase@72bc6553]" started-at="2024-04-05T16:08:25 IST" name="driverInstantiate" finished-at="2024-04-05T16:08:34 IST" duration-ms="8313" status="PASS">
          <params>
            <param index="0">
              <value>
                <![CDATA[Chrome]]>
              </value>
            </param>
          </params>
          <reporter-output>
          </reporter-output>
        </test-method> <!-- driverInstantiate -->
        <test-method signature="captureUserInfo()[pri:0, instance:testSenario.TestCase@72bc6553]" started-at="2024-04-05T16:08:34 IST" name="captureUserInfo" finished-at="2024-04-05T16:09:09 IST" duration-ms="35456" status="PASS">
          <reporter-output>
          </reporter-output>
        </test-method> <!-- captureUserInfo -->
        <test-method signature="clickoncompany()[pri:1, instance:testSenario.TestCase@72bc6553]" started-at="2024-04-05T16:09:10 IST" name="clickoncompany" finished-at="2024-04-05T16:09:10 IST" duration-ms="109" status="PASS">
          <reporter-output>
          </reporter-output>
        </test-method> <!-- clickoncompany -->
        <test-method signature="clickonacronym()[pri:2, instance:testSenario.TestCase@72bc6553]" started-at="2024-04-05T16:09:10 IST" name="clickonacronym" finished-at="2024-04-05T16:09:14 IST" duration-ms="3609" status="PASS">
          <reporter-output>
          </reporter-output>
        </test-method> <!-- clickonacronym -->
        <test-method signature="title()[pri:3, instance:testSenario.TestCase@72bc6553]" started-at="2024-04-05T16:09:14 IST" name="title" finished-at="2024-04-05T16:09:14 IST" duration-ms="231" status="PASS">
          <reporter-output>
          </reporter-output>
        </test-method> <!-- title -->
        <test-method signature="tooltip()[pri:4, instance:testSenario.TestCase@72bc6553]" started-at="2024-04-05T16:09:15 IST" name="tooltip" finished-at="2024-04-05T16:09:15 IST" duration-ms="37" status="PASS">
          <reporter-output>
          </reporter-output>
        </test-method> <!-- tooltip -->
        <test-method signature="data()[pri:5, instance:testSenario.TestCase@72bc6553]" started-at="2024-04-05T16:09:15 IST" name="data" finished-at="2024-04-05T16:09:15 IST" duration-ms="67" status="PASS">
          <reporter-output>
          </reporter-output>
        </test-method> <!-- data -->
        <test-method signature="alldata()[pri:6, instance:testSenario.TestCase@72bc6553]" started-at="2024-04-05T16:09:15 IST" name="alldata" finished-at="2024-04-05T16:09:41 IST" duration-ms="25616" status="PASS">
          <reporter-output>
          </reporter-output>
        </test-method> <!-- alldata -->
        <test-method signature="clickonbecognizant()[pri:7, instance:testSenario.TestCase@72bc6553]" started-at="2024-04-05T16:09:41 IST" name="clickonbecognizant" finished-at="2024-04-05T16:09:41 IST" duration-ms="77" status="PASS">
          <reporter-output>
          </reporter-output>
        </test-method> <!-- clickonbecognizant -->
        <test-method signature="ValidateCogniHomePage()[pri:8, instance:testSenario.TestCase@72bc6553]" started-at="2024-04-05T16:09:43 IST" name="ValidateCogniHomePage" finished-at="2024-04-05T16:09:43 IST" duration-ms="11" status="PASS">
          <reporter-output>
          </reporter-output>
        </test-method> <!-- ValidateCogniHomePage -->
        <test-method signature="scrollBottom()[pri:9, instance:testSenario.TestCase@72bc6553]" started-at="2024-04-05T16:09:44 IST" name="scrollBottom" finished-at="2024-04-05T16:09:44 IST" duration-ms="29" status="PASS">
          <reporter-output>
          </reporter-output>
        </test-method> <!-- scrollBottom -->
        <test-method signature="getStockPrice()[pri:10, instance:testSenario.TestCase@72bc6553]" started-at="2024-04-05T16:09:44 IST" name="getStockPrice" finished-at="2024-04-05T16:09:44 IST" duration-ms="382" status="PASS">
          <reporter-output>
          </reporter-output>
        </test-method> <!-- getStockPrice -->
        <test-method signature="ValidateStockPrice()[pri:11, instance:testSenario.TestCase@72bc6553]" started-at="2024-04-05T16:09:44 IST" name="ValidateStockPrice" finished-at="2024-04-05T16:10:28 IST" duration-ms="43358" status="PASS">
          <reporter-output>
          </reporter-output>
        </test-method> <!-- ValidateStockPrice -->
        <test-method is-config="true" signature="driverTearDown()[pri:0, instance:testSenario.TestCase@72bc6553]" started-at="2024-04-05T16:10:28 IST" name="driverTearDown" finished-at="2024-04-05T16:10:39 IST" duration-ms="11096" status="PASS">
          <reporter-output>
          </reporter-output>
        </test-method> <!-- driverTearDown -->
      </class> <!-- testSenario.TestCase -->
    </test> <!-- Test Search in Chrome -->
  </suite> <!-- Suite -->
</testng-results>
